<?xml version="1.0" encoding="UTF-8"?>
<testng-results ignored="0" total="2" passed="2" failed="0" skipped="0">
  <reporter-output>
  </reporter-output>
  <suite started-at="2023-11-03T17:02:59 GST" name="Suite" finished-at="2023-11-03T17:03:18 GST" duration-ms="18776">
    <groups>
    </groups>
    <test started-at="2023-11-03T17:02:59 GST" name="Test" finished-at="2023-11-03T17:03:18 GST" duration-ms="18776">
      <class name="mytest.Program1">
        <test-method is-config="true" signature="setUp()[pri:0, instance:mytest.Program1@27ff5d15]" started-at="2023-11-03T17:02:59 GST" name="setUp" finished-at="2023-11-03T17:03:09 GST" duration-ms="10068" status="PASS">
          <reporter-output>
          </reporter-output>
        </test-method> <!-- setUp -->
        <test-method signature="verifyLogo()[pri:0, instance:mytest.Program1@27ff5d15]" started-at="2023-11-03T17:03:09 GST" name="verifyLogo" finished-at="2023-11-03T17:03:10 GST" duration-ms="191" status="PASS">
          <reporter-output>
          </reporter-output>
        </test-method> <!-- verifyLogo -->
        <test-method is-config="true" signature="tearDown()[pri:0, instance:mytest.Program1@27ff5d15]" started-at="2023-11-03T17:03:10 GST" name="tearDown" finished-at="2023-11-03T17:03:10 GST" duration-ms="226" status="PASS">
          <reporter-output>
          </reporter-output>
        </test-method> <!-- tearDown -->
        <test-method is-config="true" signature="setUp()[pri:0, instance:mytest.Program1@27ff5d15]" started-at="2023-11-03T17:03:10 GST" name="setUp" finished-at="2023-11-03T17:03:18 GST" duration-ms="7882" status="PASS">
          <reporter-output>
          </reporter-output>
        </test-method> <!-- setUp -->
        <test-method signature="verifyTitle()[pri:0, instance:mytest.Program1@27ff5d15]" started-at="2023-11-03T17:03:18 GST" name="verifyTitle" finished-at="2023-11-03T17:03:18 GST" duration-ms="77" status="PASS">
          <reporter-output>
          </reporter-output>
        </test-method> <!-- verifyTitle -->
        <test-method is-config="true" signature="tearDown()[pri:0, instance:mytest.Program1@27ff5d15]" started-at="2023-11-03T17:03:18 GST" name="tearDown" finished-at="2023-11-03T17:03:18 GST" duration-ms="274" status="PASS">
          <reporter-output>
          </reporter-output>
        </test-method> <!-- tearDown -->
      </class> <!-- mytest.Program1 -->
    </test> <!-- Test -->
  </suite> <!-- Suite -->
</testng-results>
